# JRE version: OpenJDK Runtime Environment (8.0_242-b01) (build 1.8.0_242-release-1644-b01)
# Java VM: OpenJDK 64-Bit Server VM (25.242-b01 mixed mode windows-amd64 compressed oops)
Heap:
 PSYoungGen      total 174080K, used 17379K [0x00000000d5580000, 0x00000000e2f80000, 0x0000000100000000)
  eden space 156672K, 0% used [0x00000000d5580000,0x00000000d5580000,0x00000000dee80000)
  from space 17408K, 99% used [0x00000000dee80000,0x00000000dff78f20,0x00000000dff80000)
  to   space 19968K, 0% used [0x00000000e1c00000,0x00000000e1c00000,0x00000000e2f80000)
 ParOldGen       total 120320K, used 25409K [0x0000000080000000, 0x0000000087580000, 0x00000000d5580000)
  object space 120320K, 21% used [0x0000000080000000,0x00000000818d04f0,0x0000000087580000)
 Metaspace       used 56752K, capacity 59054K, committed 59160K, reserved 1099776K
  class space    used 7777K, capacity 8294K, committed 8368K, reserved 1048576K
GC Heap History (10 events):
Event: 11.910 GC heap after
Heap after GC invocations=9 (full 1):
 PSYoungGen      total 150016K, used 8016K [0x00000000d5580000, 0x00000000e0680000, 0x0000000100000000)
  eden space 137216K, 0% used [0x00000000d5580000,0x00000000d5580000,0x00000000ddb80000)
  from space 12800K, 62% used [0x00000000de780000,0x00000000def543e8,0x00000000df400000)
  to   space 12288K, 0% used [0x00000000ddb80000,0x00000000ddb80000,0x00000000de780000)
 ParOldGen       total 72704K, used 7521K [0x0000000080000000, 0x0000000084700000, 0x00000000d5580000)
  object space 72704K, 10% used [0x0000000080000000,0x0000000080758420,0x0000000084700000)
 Metaspace       used 34311K, capacity 35414K, committed 35496K, reserved 1079296K
  class space    used 4720K, capacity 5002K, committed 5040K, reserved 1048576K
}
Event: 11.910 GC heap before
{Heap before GC invocations=10 (full 2):
 PSYoungGen      total 150016K, used 8016K [0x00000000d5580000, 0x00000000e0680000, 0x0000000100000000)
  eden space 137216K, 0% used [0x00000000d5580000,0x00000000d5580000,0x00000000ddb80000)
  from space 12800K, 62% used [0x00000000de780000,0x00000000def543e8,0x00000000df400000)
  to   space 12288K, 0% used [0x00000000ddb80000,0x00000000ddb80000,0x00000000de780000)
 ParOldGen       total 72704K, used 7521K [0x0000000080000000, 0x0000000084700000, 0x00000000d5580000)
  object space 72704K, 10% used [0x0000000080000000,0x0000000080758420,0x0000000084700000)
 Metaspace       used 34311K, capacity 35414K, committed 35496K, reserved 1079296K
  class space    used 4720K, capacity 5002K, committed 5040K, reserved 1048576K
Event: 12.235 GC heap after
Heap after GC invocations=10 (full 2):
 PSYoungGen      total 150016K, used 0K [0x00000000d5580000, 0x00000000e0680000, 0x0000000100000000)
  eden space 137216K, 0% used [0x00000000d5580000,0x00000000d5580000,0x00000000ddb80000)
  from space 12800K, 0% used [0x00000000de780000,0x00000000de780000,0x00000000df400000)
  to   space 12288K, 0% used [0x00000000ddb80000,0x00000000ddb80000,0x00000000de780000)
 ParOldGen       total 120320K, used 14373K [0x0000000080000000, 0x0000000087580000, 0x00000000d5580000)
  object space 120320K, 11% used [0x0000000080000000,0x0000000080e09440,0x0000000087580000)
 Metaspace       used 34311K, capacity 35414K, committed 35496K, reserved 1079296K
  class space    used 4720K, capacity 5002K, committed 5040K, reserved 1048576K
}
Event: 23.820 GC heap before
{Heap before GC invocations=11 (full 2):
 PSYoungGen      total 150016K, used 137216K [0x00000000d5580000, 0x00000000e0680000, 0x0000000100000000)
  eden space 137216K, 100% used [0x00000000d5580000,0x00000000ddb80000,0x00000000ddb80000)
  from space 12800K, 0% used [0x00000000de780000,0x00000000de780000,0x00000000df400000)
  to   space 12288K, 0% used [0x00000000ddb80000,0x00000000ddb80000,0x00000000de780000)
 ParOldGen       total 120320K, used 14373K [0x0000000080000000, 0x0000000087580000, 0x00000000d5580000)
  object space 120320K, 11% used [0x0000000080000000,0x0000000080e09440,0x0000000087580000)
 Metaspace       used 39288K, capacity 40938K, committed 41128K, reserved 1085440K
  class space    used 5419K, capacity 5773K, committed 5808K, reserved 1048576K
Event: 23.838 GC heap after
Heap after GC invocations=11 (full 2):
 PSYoungGen      total 149504K, used 9082K [0x00000000d5580000, 0x00000000e0b80000, 0x0000000100000000)
  eden space 137216K, 0% used [0x00000000d5580000,0x00000000d5580000,0x00000000ddb80000)
  from space 12288K, 73% used [0x00000000ddb80000,0x00000000de45e9a8,0x00000000de780000)
  to   space 12288K, 0% used [0x00000000dff80000,0x00000000dff80000,0x00000000e0b80000)
 ParOldGen       total 120320K, used 14381K [0x0000000080000000, 0x0000000087580000, 0x00000000d5580000)
  object space 120320K, 11% used [0x0000000080000000,0x0000000080e0b440,0x0000000087580000)
 Metaspace       used 39288K, capacity 40938K, committed 41128K, reserved 1085440K
  class space    used 5419K, capacity 5773K, committed 5808K, reserved 1048576K
}
Event: 28.503 GC heap before
{Heap before GC invocations=12 (full 2):
 PSYoungGen      total 149504K, used 146298K [0x00000000d5580000, 0x00000000e0b80000, 0x0000000100000000)
  eden space 137216K, 100% used [0x00000000d5580000,0x00000000ddb80000,0x00000000ddb80000)
  from space 12288K, 73% used [0x00000000ddb80000,0x00000000de45e9a8,0x00000000de780000)
  to   space 12288K, 0% used [0x00000000dff80000,0x00000000dff80000,0x00000000e0b80000)
 ParOldGen       total 120320K, used 14381K [0x0000000080000000, 0x0000000087580000, 0x00000000d5580000)
  object space 120320K, 11% used [0x0000000080000000,0x0000000080e0b440,0x0000000087580000)
 Metaspace       used 52039K, capacity 54026K, committed 54312K, reserved 1095680K
  class space    used 6963K, capacity 7403K, committed 7472K, reserved 1048576K
Event: 28.545 GC heap after
Heap after GC invocations=12 (full 2):
 PSYoungGen      total 168960K, used 12276K [0x00000000d5580000, 0x00000000e1380000, 0x0000000100000000)
  eden space 156672K, 0% used [0x00000000d5580000,0x00000000d5580000,0x00000000dee80000)
  from space 12288K, 99% used [0x00000000dff80000,0x00000000e0b7d300,0x00000000e0b80000)
  to   space 17408K, 0% used [0x00000000dee80000,0x00000000dee80000,0x00000000dff80000)
 ParOldGen       total 120320K, used 24333K [0x0000000080000000, 0x0000000087580000, 0x00000000d5580000)
  object space 120320K, 20% used [0x0000000080000000,0x00000000817c3628,0x0000000087580000)
 Metaspace       used 52039K, capacity 54026K, committed 54312K, reserved 1095680K
  class space    used 6963K, capacity 7403K, committed 7472K, reserved 1048576K
}
Event: 30.843 GC heap before
{Heap before GC invocations=13 (full 2):
 PSYoungGen      total 168960K, used 68447K [0x00000000d5580000, 0x00000000e1380000, 0x0000000100000000)
  eden space 156672K, 35% used [0x00000000d5580000,0x00000000d8c5ab58,0x00000000dee80000)
  from space 12288K, 99% used [0x00000000dff80000,0x00000000e0b7d300,0x00000000e0b80000)
  to   space 17408K, 0% used [0x00000000dee80000,0x00000000dee80000,0x00000000dff80000)
 ParOldGen       total 120320K, used 24333K [0x0000000080000000, 0x0000000087580000, 0x00000000d5580000)
  object space 120320K, 20% used [0x0000000080000000,0x00000000817c3628,0x0000000087580000)
 Metaspace       used 56752K, capacity 59054K, committed 59160K, reserved 1099776K
  class space    used 7777K, capacity 8294K, committed 8368K, reserved 1048576K
Event: 30.886 GC heap after
Heap after GC invocations=13 (full 2):
 PSYoungGen      total 174080K, used 17379K [0x00000000d5580000, 0x00000000e2f80000, 0x0000000100000000)
  eden space 156672K, 0% used [0x00000000d5580000,0x00000000d5580000,0x00000000dee80000)
  from space 17408K, 99% used [0x00000000dee80000,0x00000000dff78f20,0x00000000dff80000)
  to   space 19968K, 0% used [0x00000000e1c00000,0x00000000e1c00000,0x00000000e2f80000)
 ParOldGen       total 120320K, used 25409K [0x0000000080000000, 0x0000000087580000, 0x00000000d5580000)
  object space 120320K, 21% used [0x0000000080000000,0x00000000818d04f0,0x0000000087580000)
 Metaspace       used 56752K, capacity 59054K, committed 59160K, reserved 1099776K
  class space    used 7777K, capacity 8294K, committed 8368K, reserved 1048576K
}
Event: 30.886 GC heap before
{Heap before GC invocations=14 (full 3):
 PSYoungGen      total 174080K, used 17379K [0x00000000d5580000, 0x00000000e2f80000, 0x0000000100000000)
  eden space 156672K, 0% used [0x00000000d5580000,0x00000000d5580000,0x00000000dee80000)
  from space 17408K, 99% used [0x00000000dee80000,0x00000000dff78f20,0x00000000dff80000)
  to   space 19968K, 0% used [0x00000000e1c00000,0x00000000e1c00000,0x00000000e2f80000)
 ParOldGen       total 120320K, used 25409K [0x0000000080000000, 0x0000000087580000, 0x00000000d5580000)
  object space 120320K, 21% used [0x0000000080000000,0x00000000818d04f0,0x0000000087580000)
 Metaspace       used 56752K, capacity 59054K, committed 59160K, reserved 1099776K
  class space    used 7777K, capacity 8294K, committed 8368K, reserved 1048576K

